<?xml version="1.0" encoding="UTF-8"?>
<!-- Generated by org.testng.reporters.JUnitReportReporter -->
<testsuite skipped="0" hostname="DESKTOP-BI3LN8P" name="com.actitime.POM.TestForActitime" tests="1" failures="0" timestamp="2022-06-01T17:48:32 IST" time="29.193" errors="0">
  <testcase name="testActitime" time="29.193" classname="com.actitime.POM.TestForActitime"/>
  <system-out/>
</testsuite> <!-- com.actitime.POM.TestForActitime -->
