<?xml version="1.0" encoding="UTF-8"?>
<!-- Generated by org.testng.reporters.JUnitReportReporter -->
<testsuite skipped="0" hostname="DESKTOP-BI3LN8P" name="com.actitime.testscript.TaskModule" tests="4" failures="0" timestamp="2022-05-20T11:25:26 IST" time="0.008" errors="0">
  <testcase name="createTask" time="0.000" classname="com.actitime.testscript.TaskModule"/>
  <system-out>
    <![CDATA[Task created]]>
  </system-out>
  <testcase name="createTask" time="0.008" classname="com.actitime.testscript.TaskModule"/>
  <system-out>
    <![CDATA[Task created]]>
  </system-out>
  <testcase name="deleteTask" time="0.000" classname="com.actitime.testscript.TaskModule"/>
  <system-out>
    <![CDATA[Task deleted]]>
  </system-out>
  <testcase name="modifyTask" time="0.000" classname="com.actitime.testscript.TaskModule"/>
  <system-out>
    <![CDATA[Task modified]]>
  </system-out>
</testsuite> <!-- com.actitime.testscript.TaskModule -->
