<?xml version="1.0" encoding="UTF-8"?>
<!-- Generated by org.testng.reporters.JUnitReportReporter -->
<testsuite skipped="0" hostname="DESKTOP-BI3LN8P" name="com.actitime.testscript.TaskModuleForGroup" tests="2" failures="0" timestamp="2022-05-30T12:05:11 IST" time="0.016" errors="0">
  <testcase name="createTask" time="0.016" classname="com.actitime.testscript.TaskModuleForGroup"/>
  <system-out>
    <![CDATA[Task created]]>
  </system-out>
  <testcase name="modifyTask" time="0.000" classname="com.actitime.testscript.TaskModuleForGroup"/>
  <system-out>
    <![CDATA[Task modified]]>
  </system-out>
</testsuite> <!-- com.actitime.testscript.TaskModuleForGroup -->
