<?xml version="1.0" encoding="UTF-8"?>
<!-- Generated by org.testng.reporters.JUnitReportReporter -->
<testsuite skipped="0" hostname="DESKTOP-BI3LN8P" name="com.actitime.testscript.VerifyAssert" tests="1" failures="0" timestamp="2022-05-21T10:45:52 IST" time="13.717" errors="0">
  <testcase name="verifyTitle" time="13.717" classname="com.actitime.testscript.VerifyAssert"/>
  <system-out>
    <![CDATA[Title is not matching and fail]]>
  </system-out>
</testsuite> <!-- com.actitime.testscript.VerifyAssert -->
