<?xml version="1.0" encoding="UTF-8"?>
<!-- Generated by org.testng.reporters.JUnitReportReporter -->
<testsuite skipped="0" hostname="DESKTOP-BI3LN8P" name="com.actitime.testscript.CustomerModule" tests="7" failures="0" timestamp="2022-05-20T11:25:26 IST" time="0.000" errors="0">
  <testcase name="createCustomer" time="0.000" classname="com.actitime.testscript.CustomerModule"/>
  <system-out>
    <![CDATA[Customer created]]>
  </system-out>
  <testcase name="createCustomer" time="0.000" classname="com.actitime.testscript.CustomerModule"/>
  <system-out>
    <![CDATA[Customer created]]>
  </system-out>
  <testcase name="createCustomer" time="0.000" classname="com.actitime.testscript.CustomerModule"/>
  <system-out>
    <![CDATA[Customer created]]>
  </system-out>
  <testcase name="createCustomer" time="0.000" classname="com.actitime.testscript.CustomerModule"/>
  <system-out>
    <![CDATA[Customer created]]>
  </system-out>
  <testcase name="createCustomer" time="0.000" classname="com.actitime.testscript.CustomerModule"/>
  <system-out>
    <![CDATA[Customer created]]>
  </system-out>
  <testcase name="deleteCustomer" time="0.000" classname="com.actitime.testscript.CustomerModule"/>
  <system-out>
    <![CDATA[Customer deleted]]>
  </system-out>
  <testcase name="modifyCustomer" time="0.000" classname="com.actitime.testscript.CustomerModule"/>
  <system-out>
    <![CDATA[Customer modified]]>
  </system-out>
</testsuite> <!-- com.actitime.testscript.CustomerModule -->
