<?xml version="1.0" encoding="UTF-8"?>
<!-- Generated by org.testng.reporters.JUnitReportReporter -->
<testsuite skipped="0" hostname="DESKTOP-BI3LN8P" name="com.actitime.testscript.Demo" tests="1" failures="0" timestamp="2022-05-20T10:42:26 IST" time="0.016" errors="0">
  <testcase name="testDemo" time="0.016" classname="com.actitime.testscript.Demo"/>
  <system-out>
    <![CDATA[hello]]>
  </system-out>
</testsuite> <!-- com.actitime.testscript.Demo -->
