<?xml version="1.0" encoding="UTF-8"?>
<!-- Generated by org.testng.reporters.JUnitReportReporter -->
<testsuite skipped="0" hostname="DESKTOP-BI3LN8P" name="com.actitime.testscript.CostomerModuleForGroup" tests="2" failures="0" timestamp="2022-05-30T12:05:11 IST" time="0.000" errors="0">
  <testcase name="modifyCustomer" time="0.000" classname="com.actitime.testscript.CostomerModuleForGroup"/>
  <system-out>
    <![CDATA[customer modified]]>
  </system-out>
  <testcase name="createCostomer" time="0.000" classname="com.actitime.testscript.CostomerModuleForGroup"/>
  <system-out>
    <![CDATA[customer created]]>
  </system-out>
</testsuite> <!-- com.actitime.testscript.CostomerModuleForGroup -->
