<?xml version="1.0" encoding="UTF-8"?>
<!-- Generated by org.testng.reporters.JUnitReportReporter -->
<testsuite skipped="0" hostname="DESKTOP-BI3LN8P" name="com.actitime.testscript.ScreenShotDemo" tests="1" failures="0" timestamp="2022-05-25T11:35:07 IST" time="20.717" errors="0">
  <testcase name="testScreenShot" time="20.717" classname="com.actitime.testscript.ScreenShotDemo"/>
  <system-out/>
</testsuite> <!-- com.actitime.testscript.ScreenShotDemo -->
