<?xml version="1.0" encoding="UTF-8"?>
<!-- Generated by org.testng.reporters.JUnitReportReporter -->
<testsuite skipped="1" hostname="DESKTOP-BI3LN8P" name="com.actitime.testscript.TaskForParellel" tests="1" failures="0" timestamp="2022-05-27T11:52:37 IST" time="0.000" errors="0">
  <testcase name="createTask" time="0.000" classname="com.actitime.testscript.TaskForParellel">
    <skipped/>
  </testcase> <!-- createTask -->
  <system-out/>
</testsuite> <!-- com.actitime.testscript.TaskForParellel -->
