<?xml version="1.0" encoding="UTF-8"?>
<!-- Generated by org.testng.reporters.JUnitReportReporter -->
<testsuite skipped="0" hostname="DESKTOP-BI3LN8P" name="com.actitime.testscript.CreateContactForParellel" tests="1" failures="0" timestamp="2022-05-27T11:52:37 IST" time="31.238" errors="0">
  <testcase name="createContact" time="31.238" classname="com.actitime.testscript.CreateContactForParellel"/>
  <system-out>
    <![CDATA[created Contact]]>
  </system-out>
</testsuite> <!-- com.actitime.testscript.CreateContactForParellel -->
