<?xml version="1.0" encoding="UTF-8"?>
<!-- Generated by org.testng.reporters.JUnitReportReporter -->
<testsuite skipped="0" hostname="DESKTOP-BI3LN8P" name="com.actitime.testscript.ProjectModuleForGroup" tests="2" failures="0" timestamp="2022-05-30T12:05:11 IST" time="0.000" errors="0">
  <testcase name="createProject" time="0.000" classname="com.actitime.testscript.ProjectModuleForGroup"/>
  <system-out>
    <![CDATA[Project created]]>
  </system-out>
  <testcase name="modifyProject" time="0.000" classname="com.actitime.testscript.ProjectModuleForGroup"/>
  <system-out>
    <![CDATA[Project modified]]>
  </system-out>
</testsuite> <!-- com.actitime.testscript.ProjectModuleForGroup -->
