<?xml version="1.0" encoding="UTF-8"?>
<!-- Generated by org.testng.reporters.JUnitReportReporter -->
<testsuite skipped="0" hostname="DESKTOP-BI3LN8P" name="com.actitime.testscript.CustomerModule3" tests="2" failures="0" timestamp="2022-05-24T11:31:57 IST" time="40.262" errors="0">
  <testcase name="createCostomer" time="12.030" classname="com.actitime.testscript.CustomerModule3"/>
  <system-out>
    <![CDATA[create costomer]]>
  </system-out>
  <testcase name="deleteCostomer" time="28.232" classname="com.actitime.testscript.CustomerModule3"/>
  <system-out>
    <![CDATA[delete costomer]]>
  </system-out>
</testsuite> <!-- com.actitime.testscript.CustomerModule3 -->
