<?xml version="1.0" encoding="UTF-8"?>
<!-- Generated by org.testng.reporters.JUnitReportReporter -->
<testsuite skipped="0" hostname="DESKTOP-BI3LN8P" name="com.actitime.testscript.CampaignModule" tests="2" failures="0" timestamp="2022-05-20T11:25:26 IST" time="0.015" errors="0">
  <testcase name="deleteCampaign" time="0.015" classname="com.actitime.testscript.CampaignModule"/>
  <system-out>
    <![CDATA[Campaign deleted]]>
  </system-out>
  <testcase name="modifyCampaignr" time="0.000" classname="com.actitime.testscript.CampaignModule"/>
  <system-out>
    <![CDATA[Campaign modified]]>
  </system-out>
</testsuite> <!-- com.actitime.testscript.CampaignModule -->
