<?xml version="1.0" encoding="UTF-8"?>
<!-- Generated by org.testng.reporters.JUnitReportReporter -->
<testsuite skipped="0" hostname="DESKTOP-BI3LN8P" name="com.actitime.testscript.CostomerModuleForParellel" tests="1" failures="0" timestamp="2022-05-27T11:52:37 IST" time="73.486" errors="0">
  <testcase name="createCostomer" time="73.486" classname="com.actitime.testscript.CostomerModuleForParellel"/>
  <system-out>
    <![CDATA[created costomer]]>
  </system-out>
</testsuite> <!-- com.actitime.testscript.CostomerModuleForParellel -->
